<?xml version="1.0" encoding="UTF-8"?>
<!-- Generated by org.testng.reporters.JUnitXMLReporter -->
<testsuite hostname="DESKTOP-ADM31IU" ignored="0" name="用户管理系统测试用例" tests="7" failures="0" timestamp="16 八月 2020 11:39:13 GMT" time="14.039" errors="0">
  <testcase name="loginTrue" time="1.485" classname="com.course.cases.LoginTest"/>
  <testcase name="loginFalse" time="0.067" classname="com.course.cases.LoginTest"/>
  <testcase name="addUser" time="6.071" classname="com.course.cases.addUserTest"/>
  <testcase name="updateUserInfo" time="3.12" classname="com.course.cases.UpdateUserInfoTest"/>
  <testcase name="deleteUser" time="3.062" classname="com.course.cases.UpdateUserInfoTest"/>
  <testcase name="getUserInfo" time="0.074" classname="com.course.cases.GetUserInfoTest"/>
  <testcase name="getUserListInfo" time="0.084" classname="com.course.cases.GetUserInfoListTest"/>
</testsuite> <!-- 用户管理系统测试用例 -->
