<?xml version="1.0" encoding="UTF-8"?>
<!-- Generated by org.testng.reporters.JUnitXMLReporter -->
<testsuite hostname="DESKTOP-ADM31IU" ignored="0" name="用户管理系统测试用例" tests="4" failures="0" timestamp="16 八月 2020 11:33:58 GMT" time="7.685" errors="0">
  <testcase name="loginTrue" time="1.405" classname="com.course.cases.LoginTest"/>
  <testcase name="loginFalse" time="0.062" classname="com.course.cases.LoginTest"/>
  <testcase name="updateUserInfo" time="3.092" classname="com.course.cases.UpdateUserInfoTest"/>
  <testcase name="deleteUser" time="3.062" classname="com.course.cases.UpdateUserInfoTest"/>
</testsuite> <!-- 用户管理系统测试用例 -->
