<?xml version="1.0" encoding="UTF-8"?>
<testng-results skipped="0" failed="0" ignored="0" total="4" passed="4">
  <reporter-output>
  </reporter-output>
  <suite name="用户管理系统测试软件" duration-ms="7685" started-at="2020-08-16T11:33:50Z" finished-at="2020-08-16T11:33:58Z">
    <groups>
      <group name="loginTrue">
        <method signature="LoginTest.loginTrue()[pri:0, instance:com.course.cases.LoginTest@21bcffb5]" name="loginTrue" class="com.course.cases.LoginTest"/>
      </group> <!-- loginTrue -->
      <group name="loginFalse">
        <method signature="LoginTest.loginFalse()[pri:0, instance:com.course.cases.LoginTest@21bcffb5]" name="loginFalse" class="com.course.cases.LoginTest"/>
      </group> <!-- loginFalse -->
    </groups>
    <test name="用户管理系统测试用例" duration-ms="7685" started-at="2020-08-16T11:33:50Z" finished-at="2020-08-16T11:33:58Z">
      <class name="com.course.cases.UpdateUserInfoTest">
        <test-method status="PASS" signature="updateUserInfo()[pri:0, instance:com.course.cases.UpdateUserInfoTest@380fb434]" name="updateUserInfo" duration-ms="3092" depends-on-groups="loginTrue" started-at="2020-08-16T19:33:52Z" description="更新用户信息" finished-at="2020-08-16T19:33:55Z">
          <reporter-output>
          </reporter-output>
        </test-method> <!-- updateUserInfo -->
        <test-method status="PASS" signature="deleteUser()[pri:0, instance:com.course.cases.UpdateUserInfoTest@380fb434]" name="deleteUser" duration-ms="3062" depends-on-groups="loginTrue" started-at="2020-08-16T19:33:55Z" description="删除用户信息" finished-at="2020-08-16T19:33:58Z">
          <reporter-output>
          </reporter-output>
        </test-method> <!-- deleteUser -->
      </class> <!-- com.course.cases.UpdateUserInfoTest -->
      <class name="com.course.cases.LoginTest">
        <test-method status="PASS" signature="beforeTest()[pri:0, instance:com.course.cases.LoginTest@21bcffb5]" name="beforeTest" is-config="true" duration-ms="47" started-at="2020-08-16T19:33:50Z" description="测试准备工作，获取httpClient等" finished-at="2020-08-16T19:33:50Z">
          <reporter-output>
          </reporter-output>
        </test-method> <!-- beforeTest -->
        <test-method status="PASS" signature="loginTrue()[pri:0, instance:com.course.cases.LoginTest@21bcffb5]" name="loginTrue" duration-ms="1405" started-at="2020-08-16T19:33:50Z" description="用户邓丽成功接口测试" finished-at="2020-08-16T19:33:52Z">
          <reporter-output>
          </reporter-output>
        </test-method> <!-- loginTrue -->
        <test-method status="PASS" signature="loginFalse()[pri:0, instance:com.course.cases.LoginTest@21bcffb5]" name="loginFalse" duration-ms="62" started-at="2020-08-16T19:33:52Z" description="用户登录失败接口测试" finished-at="2020-08-16T19:33:52Z">
          <reporter-output>
          </reporter-output>
        </test-method> <!-- loginFalse -->
      </class> <!-- com.course.cases.LoginTest -->
    </test> <!-- 用户管理系统测试用例 -->
  </suite> <!-- 用户管理系统测试软件 -->
</testng-results>
