<?xml version="1.0" encoding="UTF-8"?>
<testsuite xmlns:xsi="http://www.w3.org/2001/XMLSchema-instance" xsi:noNamespaceSchemaLocation="https://maven.apache.org/surefire/maven-surefire-plugin/xsd/surefire-test-report.xsd" name="TestSuite" time="16.041" tests="7" errors="0" skipped="0" failures="0">
  <properties>
[...]
</properties>
  <testcase name="loginTrue" classname="com.course.cases.LoginTest" time="1.486"/>
  <testcase name="loginFalse" classname="com.course.cases.LoginTest" time="0.067"/>
  <testcase name="addUser" classname="com.course.cases.addUserTest" time="6.073"/>
  <testcase name="updateUserInfo" classname="com.course.cases.UpdateUserInfoTest" time="3.13"/>
  <testcase name="deleteUser" classname="com.course.cases.UpdateUserInfoTest" time="3.058"/>
  <testcase name="getUserInfo" classname="com.course.cases.GetUserInfoTest" time="0.067"/>
  <testcase name="getUserListInfo" classname="com.course.cases.GetUserInfoListTest" time="0.659"/>
</testsuite>