<?xml version="1.0" encoding="UTF-8"?>
<testng-results skipped="0" failed="0" ignored="0" total="7" passed="7">
  <reporter-output>
  </reporter-output>
  <suite name="用户管理系统测试软件" duration-ms="14039" started-at="2020-08-16T11:38:59Z" finished-at="2020-08-16T11:39:13Z">
    <groups>
      <group name="loginTrue">
        <method signature="LoginTest.loginTrue()[pri:0, instance:com.course.cases.LoginTest@79698539]" name="loginTrue" class="com.course.cases.LoginTest"/>
      </group> <!-- loginTrue -->
      <group name="loginFalse">
        <method signature="LoginTest.loginFalse()[pri:0, instance:com.course.cases.LoginTest@79698539]" name="loginFalse" class="com.course.cases.LoginTest"/>
      </group> <!-- loginFalse -->
    </groups>
    <test name="用户管理系统测试用例" duration-ms="14039" started-at="2020-08-16T11:38:59Z" finished-at="2020-08-16T11:39:13Z">
      <class name="com.course.cases.UpdateUserInfoTest">
        <test-method status="PASS" signature="updateUserInfo()[pri:0, instance:com.course.cases.UpdateUserInfoTest@38082d64]" name="updateUserInfo" duration-ms="3120" depends-on-groups="loginTrue" started-at="2020-08-16T19:39:07Z" description="更新用户信息" finished-at="2020-08-16T19:39:10Z">
          <reporter-output>
          </reporter-output>
        </test-method> <!-- updateUserInfo -->
        <test-method status="PASS" signature="deleteUser()[pri:0, instance:com.course.cases.UpdateUserInfoTest@38082d64]" name="deleteUser" duration-ms="3062" depends-on-groups="loginTrue" started-at="2020-08-16T19:39:10Z" description="删除用户信息" finished-at="2020-08-16T19:39:13Z">
          <reporter-output>
          </reporter-output>
        </test-method> <!-- deleteUser -->
      </class> <!-- com.course.cases.UpdateUserInfoTest -->
      <class name="com.course.cases.GetUserInfoTest">
        <test-method status="PASS" signature="getUserInfo()[pri:0, instance:com.course.cases.GetUserInfoTest@dfd3711]" name="getUserInfo" duration-ms="74" depends-on-groups="loginTrue" started-at="2020-08-16T19:39:13Z" description="获取userid为1的用户信息" finished-at="2020-08-16T19:39:13Z">
          <reporter-output>
          </reporter-output>
        </test-method> <!-- getUserInfo -->
      </class> <!-- com.course.cases.GetUserInfoTest -->
      <class name="com.course.cases.LoginTest">
        <test-method status="PASS" signature="beforeTest()[pri:0, instance:com.course.cases.LoginTest@79698539]" name="beforeTest" is-config="true" duration-ms="57" started-at="2020-08-16T19:38:59Z" description="测试准备工作，获取httpClient等" finished-at="2020-08-16T19:38:59Z">
          <reporter-output>
          </reporter-output>
        </test-method> <!-- beforeTest -->
        <test-method status="PASS" signature="loginTrue()[pri:0, instance:com.course.cases.LoginTest@79698539]" name="loginTrue" duration-ms="1485" started-at="2020-08-16T19:38:59Z" description="用户邓丽成功接口测试" finished-at="2020-08-16T19:39:00Z">
          <reporter-output>
          </reporter-output>
        </test-method> <!-- loginTrue -->
        <test-method status="PASS" signature="loginFalse()[pri:0, instance:com.course.cases.LoginTest@79698539]" name="loginFalse" duration-ms="67" started-at="2020-08-16T19:39:00Z" description="用户登录失败接口测试" finished-at="2020-08-16T19:39:01Z">
          <reporter-output>
          </reporter-output>
        </test-method> <!-- loginFalse -->
      </class> <!-- com.course.cases.LoginTest -->
      <class name="com.course.cases.addUserTest">
        <test-method status="PASS" signature="addUser()[pri:0, instance:com.course.cases.addUserTest@73f792cf]" name="addUser" duration-ms="6071" depends-on-groups="loginTrue" started-at="2020-08-16T19:39:01Z" description="添加用户接口测试" finished-at="2020-08-16T19:39:07Z">
          <reporter-output>
          </reporter-output>
        </test-method> <!-- addUser -->
      </class> <!-- com.course.cases.addUserTest -->
      <class name="com.course.cases.GetUserInfoListTest">
        <test-method status="PASS" signature="getUserListInfo()[pri:0, instance:com.course.cases.GetUserInfoListTest@42d3bd8b]" name="getUserListInfo" duration-ms="84" depends-on-groups="loginTrue" started-at="2020-08-16T19:39:13Z" description="获取性别为男性的用户信息" finished-at="2020-08-16T19:39:13Z">
          <reporter-output>
          </reporter-output>
        </test-method> <!-- getUserListInfo -->
      </class> <!-- com.course.cases.GetUserInfoListTest -->
    </test> <!-- 用户管理系统测试用例 -->
  </suite> <!-- 用户管理系统测试软件 -->
</testng-results>
